#
# A fatal error has been detected by the Java Runtime Environment:
#
#  SIGSEGV (0xb) at pc=0x0000000111622d8c, pid=18378, tid=18691
#
# JRE version: Java(TM) SE Runtime Environment (8.0_20-b26) (build 1.8.0_20-b26)
# Java VM: Java HotSpot(TM) 64-Bit Server VM (25.20-b23 mixed mode bsd-amd64 compressed oops)
# Problematic frame:
# V  [libjvm.dylib+0x422d8c]  Method::checked_resolve_jmethod_id(_jmethodID*)+0xe
#
# Failed to write core dump. Core dumps have been disabled. To enable core dumping, try "ulimit -c unlimited" before starting Java again
#
# If you would like to submit a bug report, please visit:
#   http://bugreport.sun.com/bugreport/crash.jsp
#

---------------  T H R E A D  ---------------

Current thread (0x00007f918b025000):  JavaThread "JDWP Transport Listener: dt_socket" daemon [_thread_in_vm, id=18691, stack(0x000000012f7bc000,0x000000012f8bc000)]

siginfo: si_signo: 11 (SIGSEGV), si_code: 1 (SEGV_MAPERR), si_addr: 0xffffffff89abcdef

Registers:
RAX=0x0000000000000001, RBX=0x000000012f8bba8b, RCX=0x00000001119d5c80, RDX=0x000000012f8bba8b
RSP=0x000000012f8bb9d0, RBP=0x000000012f8bb9e0, RSI=0x00007f918b025000, RDI=0xffffffff89abcdef
R8 =0x0000000000000000, R9 =0x00007f918d000000, R10=0x0000000000000010, R11=0x00007f918d000000
R12=0x00007f918b025000, R13=0xffffffff89abcdef, R14=0xffffffff89abcdef, R15=0x00007f918d102600
RIP=0x0000000111622d8c, EFLAGS=0x0000000000010282, ERR=0x0000000000000004
  TRAPNO=0x000000000000000e

Top of Stack: (sp=0x000000012f8bb9d0)
0x000000012f8bb9d0:   000000012f8bba8b 000000012f8bba8b
0x000000012f8bb9e0:   000000012f8bba40 0000000111534ec2
0x000000012f8bb9f0:   00007f918b025000 0000000000000000
0x000000012f8bba00:   0000000000000000 0000000000000000
0x000000012f8bba10:   00007f918b025000 00007f918b025000
0x000000012f8bba20:   000000012f8bba8b 000000012f8bba90
0x000000012f8bba30:   ffffffff89abcdef 0000000000000008
0x000000012f8bba40:   000000012f8bba60 000000011217d7dc
0x000000012f8bba50:   0000000000000001 000000012f8bbb08
0x000000012f8bba60:   000000012f8bbad0 0000000112162263
0x000000012f8bba70:   000000012f8bbaa0 00007f918d01ac90
0x000000012f8bba80:   0000001600000032 00000009008bbb08
0x000000012f8bba90:   0000000000000000 0000000000000000
0x000000012f8bbaa0:   0000000000000000 000000012f8bbc90
0x000000012f8bbab0:   0000000112184eca 00007f918d01ae00
0x000000012f8bbac0:   000000012f8bbb08 0000000112190588
0x000000012f8bbad0:   000000012f8bbae0 000000011216235c
0x000000012f8bbae0:   000000012f8bbd00 000000011216b8f6
0x000000012f8bbaf0:   0000512900000013 00000000000f0200
0x000000012f8bbb00:   00007f918d029870 00007f918d022e03
0x000000012f8bbb10:   00007f91000001c5 00007f918d01ad40
0x000000012f8bbb20:   00007f910000012c 000000012f8bbb58
0x000000012f8bbb30:   00007f918d01ad40 00007f0000000000
0x000000012f8bbb40:   0000512900000030 00007fff0000d780
0x000000012f8bbb50:   000000012f8bbb58 917f000016000000
0x000000012f8bbb60:   06000000c879c38a 00003e74696e693c
0x000000012f8bbb70:   0000005629280300 7f00000100000000
0x000000012f8bbb80:   000000f079c38a91 656d614e74656707
0x000000012f8bbb90:   6a4c292814000000 676e616c2f617661
0x000000012f8bbba0:   3b676e697274532f 0104000000000000
0x000000012f8bbbb0:   905dc78a917f0000 636c616309000000
0x000000012f8bbbc0:   0000006574616c75 494949494949282c 

Instructions: (pc=0x0000000111622d8c)
0x0000000111622d6c:   40 48 48 85 c0 75 e0 30 c0 0f b6 c0 5d c3 31 c0
0x0000000111622d7c:   5d c3 55 48 89 e5 53 48 83 ec 08 48 85 ff 74 24
0x0000000111622d8c:   48 8b 1f 48 85 db 74 1c 48 83 fb 37 74 16 48 8b
0x0000000111622d9c:   03 48 89 df ff 50 10 84 c0 b8 00 00 00 00 48 0f 

Register to memory mapping:

RAX=0x0000000000000001 is an unknown value
RBX=0x000000012f8bba8b is pointing into the stack for thread: 0x00007f918b025000
RCX=0x00000001119d5c80: UseMembar+0 in /Library/Java/JavaVirtualMachines/jdk1.8.0_20.jdk/Contents/Home/jre/lib/server/libjvm.dylib at 0x0000000111200000
RDX=0x000000012f8bba8b is pointing into the stack for thread: 0x00007f918b025000
RSP=0x000000012f8bb9d0 is pointing into the stack for thread: 0x00007f918b025000
RBP=0x000000012f8bb9e0 is pointing into the stack for thread: 0x00007f918b025000
RSI=0x00007f918b025000 is a thread
RDI=0xffffffff89abcdef is an unknown value
R8 =0x0000000000000000 is an unknown value
R9 =0x00007f918d000000 is an unknown value
R10=0x0000000000000010 is an unknown value
R11=0x00007f918d000000 is an unknown value
R12=0x00007f918b025000 is a thread
R13=0xffffffff89abcdef is an unknown value
R14=0xffffffff89abcdef is an unknown value
R15=0x00007f918d102600 is an unknown value


Stack: [0x000000012f7bc000,0x000000012f8bc000],  sp=0x000000012f8bb9d0,  free space=1022k
Native frames: (J=compiled Java code, j=interpreted, Vv=VM code, C=native code)
V  [libjvm.dylib+0x422d8c]  Method::checked_resolve_jmethod_id(_jmethodID*)+0xe
V  [libjvm.dylib+0x334ec2]  jvmti_IsMethodSynthetic+0xb2
C  [libjdwp.dylib+0x207dc]  isMethodSynthetic+0x63
C  [libjdwp.dylib+0x5263]  methods1+0x10b
C  [libjdwp.dylib+0x535c]  methodsWithGeneric+0xe
C  [libjdwp.dylib+0xe8f6]  debugLoop_run+0x1ce
C  [libjdwp.dylib+0x1f716]  attachThread+0x4d
V  [libjvm.dylib+0x375f22]  JvmtiAgentThread::call_start_function()+0x38
V  [libjvm.dylib+0x535a51]  JavaThread::thread_main_inner()+0x9b
V  [libjvm.dylib+0x537194]  JavaThread::run()+0x1c2
V  [libjvm.dylib+0x45d35a]  java_start(Thread*)+0xf6
C  [libsystem_pthread.dylib+0x405a]  _pthread_body+0x83
C  [libsystem_pthread.dylib+0x3fd7]  _pthread_body+0x0
C  [libsystem_pthread.dylib+0x13ed]  thread_start+0xd
C  0x0000000000000000


---------------  P R O C E S S  ---------------

Java Threads: ( => current thread )
  0x00007f918f043000 JavaThread "DestroyJavaVM" [_thread_blocked, id=4867, stack(0x00000001100f4000,0x00000001101f4000)]
  0x00007f918c8d7800 JavaThread "rAmbilight Runtime" [_thread_blocked, id=62491, stack(0x000000013bc72000,0x000000013bd72000)]
  0x00007f918e032000 JavaThread "Serial Runtime" [_thread_blocked, id=59455, stack(0x000000013936c000,0x000000013946c000)]
  0x00007f918d8c3000 JavaThread "AWT-EventQueue-0" [_thread_blocked, id=58883, stack(0x000000013686b000,0x000000013696b000)]
  0x00007f918b86f800 JavaThread "Java2D Disposer" daemon [_thread_blocked, id=56343, stack(0x0000000135703000,0x0000000135803000)]
  0x00007f918b11c800 JavaThread "Java2D Queue Flusher" daemon [_thread_blocked, id=54791, stack(0x00000001346a9000,0x00000001347a9000)]
  0x00007f918b108800 JavaThread "AWT-Shutdown" [_thread_blocked, id=32531, stack(0x0000000131b94000,0x0000000131c94000)]
  0x00007f918d871800 JavaThread "AppKit Thread" daemon [_thread_blocked, id=1299, stack(0x00007fff4f422000,0x00007fff4fc22000)]
  0x00007f918b02f800 JavaThread "Service Thread" daemon [_thread_blocked, id=22275, stack(0x000000012fed1000,0x000000012ffd1000)]
  0x00007f918d82e000 JavaThread "C1 CompilerThread3" daemon [_thread_blocked, id=21763, stack(0x000000012fdce000,0x000000012fece000)]
  0x00007f918d82d000 JavaThread "C2 CompilerThread2" daemon [_thread_blocked, id=21251, stack(0x000000012fccb000,0x000000012fdcb000)]
  0x00007f918e002000 JavaThread "C2 CompilerThread1" daemon [_thread_blocked, id=20739, stack(0x000000012fbc8000,0x000000012fcc8000)]
  0x00007f918e800000 JavaThread "C2 CompilerThread0" daemon [_thread_blocked, id=20227, stack(0x000000012fac5000,0x000000012fbc5000)]
  0x00007f918c803800 JavaThread "JDWP Command Reader" daemon [_thread_in_native, id=19715, stack(0x000000012f9c2000,0x000000012fac2000)]
  0x00007f918c059800 JavaThread "JDWP Event Helper Thread" daemon [_thread_blocked, id=19203, stack(0x000000012f8bf000,0x000000012f9bf000)]
=>0x00007f918b025000 JavaThread "JDWP Transport Listener: dt_socket" daemon [_thread_in_vm, id=18691, stack(0x000000012f7bc000,0x000000012f8bc000)]
  0x00007f918d807800 JavaThread "Signal Dispatcher" daemon [_thread_blocked, id=15379, stack(0x000000012f6b2000,0x000000012f7b2000)]
  0x00007f918c052800 JavaThread "Finalizer" daemon [_thread_blocked, id=13571, stack(0x000000012dc8a000,0x000000012dd8a000)]
  0x00007f918c051800 JavaThread "Reference Handler" daemon [_thread_blocked, id=13059, stack(0x000000012db87000,0x000000012dc87000)]

Other Threads:
  0x00007f918c04d000 VMThread [stack: 0x000000012da84000,0x000000012db84000] [id=12547]
  0x00007f918b030000 WatcherThread [stack: 0x000000012ffd4000,0x00000001300d4000] [id=22787]

VM state:not at safepoint (normal execution)

VM Mutex/Monitor currently owned by a thread: None

Heap:
 PSYoungGen      total 76288K, used 20975K [0x000000076ab00000, 0x0000000770000000, 0x00000007c0000000)
  eden space 65536K, 32% used [0x000000076ab00000,0x000000076bf7bda8,0x000000076eb00000)
  from space 10752K, 0% used [0x000000076f580000,0x000000076f580000,0x0000000770000000)
  to   space 10752K, 0% used [0x000000076eb00000,0x000000076eb00000,0x000000076f580000)
 ParOldGen       total 175104K, used 0K [0x00000006c0000000, 0x00000006cab00000, 0x000000076ab00000)
  object space 175104K, 0% used [0x00000006c0000000,0x00000006c0000000,0x00000006cab00000)
 Metaspace       used 10316K, capacity 10550K, committed 10880K, reserved 1058816K
  class space    used 1246K, capacity 1326K, committed 1408K, reserved 1048576K

Card table byte_map: [0x0000000121579000,0x0000000121d7a000] byte_map_base: 0x000000011df79000

Marking Bits: (ParMarkBitMap*) 0x0000000111a9c330
 Begin Bits: [0x0000000122ae8000, 0x0000000126ae8000)
 End Bits:   [0x0000000126ae8000, 0x000000012aae8000)

Polling page: 0x00000001101f6000

CodeCache: size=245760Kb used=2476Kb max_used=2476Kb free=243283Kb
 bounds [0x00000001121b9000, 0x0000000112429000, 0x00000001211b9000]
 total_blobs=1098 nmethods=618 adapters=403
 compilation: enabled

Compilation events (10 events):
Event: 1.763 Thread 0x00007f918d82e000  615       3       sun.java2d.opengl.OGLSurfaceData::validatePipe (362 bytes)
Event: 1.765 Thread 0x00007f918d82e000 nmethod 615 0x00000001124226d0 code [0x0000000112422920, 0x0000000112423758]
Event: 1.766 Thread 0x00007f918d82e000  614       3       java.awt.Window::isOpaque (29 bytes)
Event: 1.766 Thread 0x00007f918d82e000 nmethod 614 0x0000000112421cd0 code [0x0000000112421e80, 0x00000001124224d8]
Event: 1.785 Thread 0x00007f918d82e000  616       3       java.awt.Rectangle::setBounds (21 bytes)
Event: 1.786 Thread 0x00007f918d82e000 nmethod 616 0x00000001124217d0 code [0x0000000112421940, 0x0000000112421b90]
Event: 1.786 Thread 0x00007f918d82e000  618       3       java.util.ArrayList::rangeCheck (22 bytes)
Event: 1.787 Thread 0x00007f918d82e000 nmethod 618 0x0000000112420550 code [0x0000000112420760, 0x0000000112421218]
Event: 1.787 Thread 0x00007f918d82e000  617       3       javax.swing.JComponent::isOpaque (6 bytes)
Event: 1.787 Thread 0x00007f918d82e000 nmethod 617 0x0000000112420110 code [0x0000000112420280, 0x0000000112420490]

GC Heap History (0 events):
No events

Deoptimization events (0 events):
No events

Internal exceptions (10 events):
Event: 0.759 Thread 0x00007f918d809800 Exception <a 'java/security/PrivilegedActionException'> (0x000000076b8d0b40) thrown at [/HUDSON3/workspace/8-2-build-macosx-x86_64/jdk8u20/1074/hotspot/src/share/vm/prims/jvm.cpp, line 1275]
Event: 0.760 Thread 0x00007f918d809800 Exception <a 'java/security/PrivilegedActionException'> (0x000000076b8d9c98) thrown at [/HUDSON3/workspace/8-2-build-macosx-x86_64/jdk8u20/1074/hotspot/src/share/vm/prims/jvm.cpp, line 1275]
Event: 0.779 Thread 0x00007f918d809800 Exception <a 'java/security/PrivilegedActionException'> (0x000000076ba5e238) thrown at [/HUDSON3/workspace/8-2-build-macosx-x86_64/jdk8u20/1074/hotspot/src/share/vm/prims/jvm.cpp, line 1275]
Event: 0.780 Thread 0x00007f918c8d7800 Exception <a 'java/security/PrivilegedActionException'> (0x000000076bba61b0) thrown at [/HUDSON3/workspace/8-2-build-macosx-x86_64/jdk8u20/1074/hotspot/src/share/vm/prims/jvm.cpp, line 1275]
Event: 0.783 Thread 0x00007f918c8d7800 Exception <a 'java/security/PrivilegedActionException'> (0x000000076bbb52b0) thrown at [/HUDSON3/workspace/8-2-build-macosx-x86_64/jdk8u20/1074/hotspot/src/share/vm/prims/jvm.cpp, line 1275]
Event: 0.783 Thread 0x00007f918c8d7800 Exception <a 'java/security/PrivilegedActionException'> (0x000000076bbb8cc0) thrown at [/HUDSON3/workspace/8-2-build-macosx-x86_64/jdk8u20/1074/hotspot/src/share/vm/prims/jvm.cpp, line 1275]
Event: 0.784 Thread 0x00007f918c8d7800 Exception <a 'java/security/PrivilegedActionException'> (0x000000076bbc0cb0) thrown at [/HUDSON3/workspace/8-2-build-macosx-x86_64/jdk8u20/1074/hotspot/src/share/vm/prims/jvm.cpp, line 1275]
Event: 0.784 Thread 0x00007f918c8d7800 Exception <a 'java/security/PrivilegedActionException'> (0x000000076bbc4d58) thrown at [/HUDSON3/workspace/8-2-build-macosx-x86_64/jdk8u20/1074/hotspot/src/share/vm/prims/jvm.cpp, line 1275]
Event: 0.788 Thread 0x00007f918c8d7800 Exception <a 'java/security/PrivilegedActionException'> (0x000000076bbe8f50) thrown at [/HUDSON3/workspace/8-2-build-macosx-x86_64/jdk8u20/1074/hotspot/src/share/vm/prims/jvm.cpp, line 1275]
Event: 1.802 Thread 0x00007f918c8d7800 Exception <a 'java/security/PrivilegedActionException'> (0x000000076bc5be98) thrown at [/HUDSON3/workspace/8-2-build-macosx-x86_64/jdk8u20/1074/hotspot/src/share/vm/prims/jvm.cpp, line 1275]

Events (10 events):
Event: 26.309 Executing VM operation: GetOrSetLocal
Event: 26.309 Executing VM operation: GetOrSetLocal done
Event: 26.309 Executing VM operation: GetOrSetLocal
Event: 26.309 Executing VM operation: GetOrSetLocal done
Event: 26.309 Executing VM operation: GetOrSetLocal
Event: 26.309 Executing VM operation: GetOrSetLocal done
Event: 658.119 Executing VM operation: ChangeBreakpoints
Event: 658.119 Executing VM operation: ChangeBreakpoints done
Event: 658.122 Executing VM operation: RedefineClasses
Event: 658.128 Executing VM operation: RedefineClasses done


Dynamic libraries:
0x0000000008b08000 	/System/Library/Frameworks/Cocoa.framework/Versions/A/Cocoa
0x0000000008b08000 	/System/Library/Frameworks/Security.framework/Versions/A/Security
0x0000000008b08000 	/System/Library/Frameworks/ApplicationServices.framework/Versions/A/ApplicationServices
0x0000000008b08000 	/usr/lib/libz.1.dylib
0x0000000008b08000 	/usr/lib/libSystem.B.dylib
0x0000000008b08000 	/usr/lib/libobjc.A.dylib
0x0000000008b08000 	/System/Library/Frameworks/CoreFoundation.framework/Versions/A/CoreFoundation
0x0000000008b08000 	/System/Library/Frameworks/Foundation.framework/Versions/C/Foundation
0x0000000008b08000 	/System/Library/Frameworks/AppKit.framework/Versions/C/AppKit
0x0000000008b08000 	/System/Library/Frameworks/CoreData.framework/Versions/A/CoreData
0x0000000008b08000 	/System/Library/PrivateFrameworks/RemoteViewServices.framework/Versions/A/RemoteViewServices
0x0000000008b08000 	/System/Library/PrivateFrameworks/UIFoundation.framework/Versions/A/UIFoundation
0x0000000008b08000 	/System/Library/Frameworks/IOSurface.framework/Versions/A/IOSurface
0x0000000008b08000 	/System/Library/Frameworks/AudioToolbox.framework/Versions/A/AudioToolbox
0x0000000008b08000 	/System/Library/Frameworks/AudioUnit.framework/Versions/A/AudioUnit
0x0000000008b08000 	/System/Library/PrivateFrameworks/DataDetectorsCore.framework/Versions/A/DataDetectorsCore
0x0000000008b08000 	/System/Library/PrivateFrameworks/DesktopServicesPriv.framework/Versions/A/DesktopServicesPriv
0x0000000008b08000 	/System/Library/Frameworks/Carbon.framework/Versions/A/Frameworks/HIToolbox.framework/Versions/A/HIToolbox
0x0000000008b08000 	/System/Library/Frameworks/QuartzCore.framework/Versions/A/QuartzCore
0x0000000008b08000 	/System/Library/Frameworks/Carbon.framework/Versions/A/Frameworks/SpeechRecognition.framework/Versions/A/SpeechRecognition
0x0000000008b08000 	/usr/lib/libauto.dylib
0x0000000008b08000 	/usr/lib/libicucore.A.dylib
0x0000000008b08000 	/usr/lib/libxml2.2.dylib
0x0000000008b08000 	/System/Library/PrivateFrameworks/CoreUI.framework/Versions/A/CoreUI
0x0000000008b08000 	/System/Library/Frameworks/CoreAudio.framework/Versions/A/CoreAudio
0x0000000008b08000 	/System/Library/Frameworks/DiskArbitration.framework/Versions/A/DiskArbitration
0x0000000008b08000 	/usr/lib/liblangid.dylib
0x0000000008b08000 	/System/Library/PrivateFrameworks/MultitouchSupport.framework/Versions/A/MultitouchSupport
0x0000000008b08000 	/System/Library/Frameworks/IOKit.framework/Versions/A/IOKit
0x0000000008b08000 	/usr/lib/libDiagnosticMessagesClient.dylib
0x0000000008b08000 	/System/Library/Frameworks/CoreServices.framework/Versions/A/CoreServices
0x0000000008b08000 	/System/Library/PrivateFrameworks/PerformanceAnalysis.framework/Versions/A/PerformanceAnalysis
0x0000000008b08000 	/System/Library/PrivateFrameworks/GenerationalStorage.framework/Versions/A/GenerationalStorage
0x0000000008b08000 	/System/Library/Frameworks/OpenGL.framework/Versions/A/OpenGL
0x0000000008b08000 	/System/Library/PrivateFrameworks/Sharing.framework/Versions/A/Sharing
0x0000000008b08000 	/System/Library/Frameworks/CoreGraphics.framework/Versions/A/CoreGraphics
0x0000000008b08000 	/System/Library/Frameworks/CoreText.framework/Versions/A/CoreText
0x0000000008b08000 	/System/Library/Frameworks/ImageIO.framework/Versions/A/ImageIO
0x0000000008b08000 	/usr/lib/libextension.dylib
0x0000000008b08000 	/System/Library/PrivateFrameworks/Backup.framework/Versions/A/Backup
0x0000000008b08000 	/usr/lib/libarchive.2.dylib
0x0000000008b08000 	/System/Library/Frameworks/CFNetwork.framework/Versions/A/CFNetwork
0x0000000008b08000 	/System/Library/Frameworks/SystemConfiguration.framework/Versions/A/SystemConfiguration
0x0000000008b08000 	/usr/lib/libCRFSuite.dylib
0x0000000008b08000 	/usr/lib/libc++.1.dylib
0x0000000008b08000 	/usr/lib/libc++abi.dylib
0x0000000008b08000 	/usr/lib/system/libcache.dylib
0x0000000008b08000 	/usr/lib/system/libcommonCrypto.dylib
0x0000000008b08000 	/usr/lib/system/libcompiler_rt.dylib
0x0000000008b08000 	/usr/lib/system/libcopyfile.dylib
0x0000000008b08000 	/usr/lib/system/libcorecrypto.dylib
0x0000000008b08000 	/usr/lib/system/libdispatch.dylib
0x0000000008b08000 	/usr/lib/system/libdyld.dylib
0x0000000008b08000 	/usr/lib/system/libkeymgr.dylib
0x0000000008b08000 	/usr/lib/system/liblaunch.dylib
0x0000000008b08000 	/usr/lib/system/libmacho.dylib
0x0000000008b08000 	/usr/lib/system/libquarantine.dylib
0x0000000008b08000 	/usr/lib/system/libremovefile.dylib
0x0000000008b08000 	/usr/lib/system/libsystem_asl.dylib
0x0000000008b08000 	/usr/lib/system/libsystem_blocks.dylib
0x0000000008b08000 	/usr/lib/system/libsystem_c.dylib
0x0000000008b08000 	/usr/lib/system/libsystem_configuration.dylib
0x0000000008b08000 	/usr/lib/system/libsystem_coreservices.dylib
0x0000000008b08000 	/usr/lib/system/libsystem_coretls.dylib
0x0000000008b08000 	/usr/lib/system/libsystem_dnssd.dylib
0x0000000008b08000 	/usr/lib/system/libsystem_info.dylib
0x0000000008b08000 	/usr/lib/system/libsystem_kernel.dylib
0x0000000008b08000 	/usr/lib/system/libsystem_m.dylib
0x0000000008b08000 	/usr/lib/system/libsystem_malloc.dylib
0x0000000008b08000 	/usr/lib/system/libsystem_network.dylib
0x0000000008b08000 	/usr/lib/system/libsystem_networkextension.dylib
0x0000000008b08000 	/usr/lib/system/libsystem_notify.dylib
0x0000000008b08000 	/usr/lib/system/libsystem_platform.dylib
0x0000000008b08000 	/usr/lib/system/libsystem_pthread.dylib
0x0000000008b08000 	/usr/lib/system/libsystem_sandbox.dylib
0x0000000008b08000 	/usr/lib/system/libsystem_secinit.dylib
0x0000000008b08000 	/usr/lib/system/libsystem_stats.dylib
0x0000000008b08000 	/usr/lib/system/libsystem_trace.dylib
0x0000000008b08000 	/usr/lib/system/libunc.dylib
0x0000000008b08000 	/usr/lib/system/libunwind.dylib
0x0000000008b08000 	/usr/lib/system/libxpc.dylib
0x0000000008b08000 	/usr/lib/libbz2.1.0.dylib
0x0000000008b08000 	/usr/lib/liblzma.5.dylib
0x0000000008b08000 	/usr/lib/libbsm.0.dylib
0x0000000008b08000 	/usr/lib/libsqlite3.dylib
0x0000000008b08000 	/usr/lib/system/libkxld.dylib
0x0000000008b08000 	/usr/lib/libxar.1.dylib
0x0000000008b08000 	/usr/lib/libpam.2.dylib
0x0000000008b08000 	/usr/lib/libOpenScriptingUtil.dylib
0x0000000008b08000 	/System/Library/Frameworks/CoreServices.framework/Versions/A/Frameworks/FSEvents.framework/Versions/A/FSEvents
0x0000000008b08000 	/System/Library/Frameworks/CoreServices.framework/Versions/A/Frameworks/CarbonCore.framework/Versions/A/CarbonCore
0x0000000008b08000 	/System/Library/Frameworks/CoreServices.framework/Versions/A/Frameworks/Metadata.framework/Versions/A/Metadata
0x0000000008b08000 	/System/Library/Frameworks/CoreServices.framework/Versions/A/Frameworks/OSServices.framework/Versions/A/OSServices
0x0000000008b08000 	/System/Library/Frameworks/CoreServices.framework/Versions/A/Frameworks/SearchKit.framework/Versions/A/SearchKit
0x0000000008b08000 	/System/Library/Frameworks/CoreServices.framework/Versions/A/Frameworks/AE.framework/Versions/A/AE
0x0000000008b08000 	/System/Library/Frameworks/CoreServices.framework/Versions/A/Frameworks/LaunchServices.framework/Versions/A/LaunchServices
0x0000000008b08000 	/System/Library/Frameworks/CoreServices.framework/Versions/A/Frameworks/DictionaryServices.framework/Versions/A/DictionaryServices
0x0000000008b08000 	/System/Library/Frameworks/NetFS.framework/Versions/A/NetFS
0x0000000008b08000 	/System/Library/PrivateFrameworks/NetAuth.framework/Versions/A/NetAuth
0x0000000008b08000 	/System/Library/PrivateFrameworks/login.framework/Versions/A/Frameworks/loginsupport.framework/Versions/A/loginsupport
0x0000000008b08000 	/System/Library/PrivateFrameworks/TCC.framework/Versions/A/TCC
0x0000000008b08000 	/usr/lib/libmecabra.dylib
0x0000000008b08000 	/System/Library/Frameworks/ApplicationServices.framework/Versions/A/Frameworks/ATS.framework/Versions/A/ATS
0x0000000008b08000 	/System/Library/Frameworks/ApplicationServices.framework/Versions/A/Frameworks/ColorSync.framework/Versions/A/ColorSync
0x0000000008b08000 	/System/Library/Frameworks/ApplicationServices.framework/Versions/A/Frameworks/HIServices.framework/Versions/A/HIServices
0x0000000008b08000 	/System/Library/Frameworks/ApplicationServices.framework/Versions/A/Frameworks/LangAnalysis.framework/Versions/A/LangAnalysis
0x0000000008b08000 	/System/Library/Frameworks/ApplicationServices.framework/Versions/A/Frameworks/PrintCore.framework/Versions/A/PrintCore
0x0000000008b08000 	/System/Library/Frameworks/ApplicationServices.framework/Versions/A/Frameworks/QD.framework/Versions/A/QD
0x0000000008b08000 	/System/Library/Frameworks/ApplicationServices.framework/Versions/A/Frameworks/SpeechSynthesis.framework/Versions/A/SpeechSynthesis
0x0000000008b08000 	/System/Library/Frameworks/Accelerate.framework/Versions/A/Accelerate
0x0000000008b08000 	/System/Library/Frameworks/Accelerate.framework/Versions/A/Frameworks/vImage.framework/Versions/A/vImage
0x0000000008b08000 	/System/Library/Frameworks/Accelerate.framework/Versions/A/Frameworks/vecLib.framework/Versions/A/vecLib
0x0000000008b08000 	/System/Library/Frameworks/Accelerate.framework/Versions/A/Frameworks/vecLib.framework/Versions/A/libvDSP.dylib
0x0000000008b08000 	/System/Library/Frameworks/Accelerate.framework/Versions/A/Frameworks/vecLib.framework/Versions/A/libvMisc.dylib
0x0000000008b08000 	/System/Library/Frameworks/Accelerate.framework/Versions/A/Frameworks/vecLib.framework/Versions/A/libLAPACK.dylib
0x0000000008b08000 	/System/Library/Frameworks/Accelerate.framework/Versions/A/Frameworks/vecLib.framework/Versions/A/libBLAS.dylib
0x0000000008b08000 	/System/Library/Frameworks/Accelerate.framework/Versions/A/Frameworks/vecLib.framework/Versions/A/libLinearAlgebra.dylib
0x0000000008b08000 	/System/Library/Frameworks/ApplicationServices.framework/Versions/A/Frameworks/ATS.framework/Versions/A/Resources/libFontParser.dylib
0x0000000008b08000 	/System/Library/Frameworks/ApplicationServices.framework/Versions/A/Frameworks/ATS.framework/Versions/A/Resources/libFontRegistry.dylib
0x0000000008b08000 	/System/Library/PrivateFrameworks/AppleVPA.framework/Versions/A/AppleVPA
0x0000000008b08000 	/System/Library/PrivateFrameworks/AppleJPEG.framework/Versions/A/AppleJPEG
0x0000000008b08000 	/System/Library/Frameworks/ImageIO.framework/Versions/A/Resources/libJPEG.dylib
0x0000000008b08000 	/System/Library/Frameworks/ImageIO.framework/Versions/A/Resources/libTIFF.dylib
0x0000000008b08000 	/System/Library/Frameworks/ImageIO.framework/Versions/A/Resources/libPng.dylib
0x0000000008b08000 	/System/Library/Frameworks/ImageIO.framework/Versions/A/Resources/libGIF.dylib
0x0000000008b08000 	/System/Library/Frameworks/ImageIO.framework/Versions/A/Resources/libJP2.dylib
0x0000000008b08000 	/System/Library/Frameworks/ImageIO.framework/Versions/A/Resources/libRadiance.dylib
0x0000000008b08000 	/System/Library/Frameworks/CoreVideo.framework/Versions/A/CoreVideo
0x0000000008b08000 	/System/Library/Frameworks/OpenGL.framework/Versions/A/Libraries/libGLU.dylib
0x0000000008b08000 	/System/Library/Frameworks/OpenGL.framework/Versions/A/Libraries/libGFXShared.dylib
0x0000000008b08000 	/System/Library/Frameworks/OpenGL.framework/Versions/A/Libraries/libGL.dylib
0x0000000008b08000 	/System/Library/Frameworks/OpenGL.framework/Versions/A/Libraries/libGLImage.dylib
0x0000000008b08000 	/System/Library/Frameworks/OpenGL.framework/Versions/A/Libraries/libCVMSPluginSupport.dylib
0x0000000008b08000 	/System/Library/Frameworks/OpenGL.framework/Versions/A/Libraries/libCoreVMClient.dylib
0x0000000008b08000 	/usr/lib/libcups.2.dylib
0x0000000008b08000 	/System/Library/Frameworks/Kerberos.framework/Versions/A/Kerberos
0x0000000008b08000 	/System/Library/Frameworks/GSS.framework/Versions/A/GSS
0x0000000008b08000 	/usr/lib/libresolv.9.dylib
0x0000000008b08000 	/usr/lib/libiconv.2.dylib
0x0000000008b08000 	/System/Library/PrivateFrameworks/Heimdal.framework/Versions/A/Heimdal
0x0000000008b08000 	/usr/lib/libheimdal-asn1.dylib
0x0000000008b08000 	/System/Library/Frameworks/OpenDirectory.framework/Versions/A/OpenDirectory
0x0000000008b08000 	/System/Library/PrivateFrameworks/CommonAuth.framework/Versions/A/CommonAuth
0x0000000008b08000 	/System/Library/Frameworks/OpenDirectory.framework/Versions/A/Frameworks/CFOpenDirectory.framework/Versions/A/CFOpenDirectory
0x0000000008b08000 	/System/Library/Frameworks/SecurityFoundation.framework/Versions/A/SecurityFoundation
0x0000000008b08000 	/System/Library/PrivateFrameworks/LanguageModeling.framework/Versions/A/LanguageModeling
0x0000000008b08000 	/usr/lib/libcmph.dylib
0x0000000008b08000 	/System/Library/Frameworks/ServiceManagement.framework/Versions/A/ServiceManagement
0x0000000008b08000 	/usr/lib/libxslt.1.dylib
0x0000000008b08000 	/System/Library/Frameworks/Carbon.framework/Versions/A/Frameworks/Ink.framework/Versions/A/Ink
0x0000000008b08000 	/System/Library/Frameworks/QuartzCore.framework/Versions/A/Frameworks/CoreImage.framework/Versions/A/CoreImage
0x0000000008b08000 	/System/Library/PrivateFrameworks/CrashReporterSupport.framework/Versions/A/CrashReporterSupport
0x0000000008b08000 	/System/Library/Frameworks/OpenCL.framework/Versions/A/OpenCL
0x0000000008b08000 	/System/Library/PrivateFrameworks/FaceCore.framework/Versions/A/FaceCore
0x0000000008b08000 	/System/Library/PrivateFrameworks/Ubiquity.framework/Versions/A/Ubiquity
0x0000000008b08000 	/System/Library/PrivateFrameworks/IconServices.framework/Versions/A/IconServices
0x0000000008b08000 	/System/Library/PrivateFrameworks/ChunkingLibrary.framework/Versions/A/ChunkingLibrary
0x0000000008b08000 	/System/Library/PrivateFrameworks/Apple80211.framework/Versions/A/Apple80211
0x0000000008b08000 	/System/Library/Frameworks/CoreWLAN.framework/Versions/A/CoreWLAN
0x0000000008b08000 	/System/Library/Frameworks/IOBluetooth.framework/Versions/A/IOBluetooth
0x0000000008b08000 	/System/Library/PrivateFrameworks/CoreWiFi.framework/Versions/A/CoreWiFi
0x0000000008b08000 	/System/Library/Frameworks/CoreBluetooth.framework/Versions/A/CoreBluetooth
0x0000000008b08000 	/System/Library/PrivateFrameworks/DebugSymbols.framework/Versions/A/DebugSymbols
0x0000000008b08000 	/System/Library/PrivateFrameworks/CoreSymbolication.framework/Versions/A/CoreSymbolication
0x0000000008b08000 	/System/Library/PrivateFrameworks/Symbolication.framework/Versions/A/Symbolication
0x0000000008b08000 	/System/Library/PrivateFrameworks/SpeechRecognitionCore.framework/Versions/A/SpeechRecognitionCore
0x0000000111200000 	/Library/Java/JavaVirtualMachines/jdk1.8.0_20.jdk/Contents/Home/jre/lib/server/libjvm.dylib
0x0000000008b08000 	/usr/lib/libstdc++.6.dylib
0x000000011211b000 	/Library/Java/JavaVirtualMachines/jdk1.8.0_20.jdk/Contents/Home/jre/lib/libverify.dylib
0x0000000112129000 	/Library/Java/JavaVirtualMachines/jdk1.8.0_20.jdk/Contents/Home/jre/lib/libjava.dylib
0x000000011215d000 	/Library/Java/JavaVirtualMachines/jdk1.8.0_20.jdk/Contents/Home/jre/lib/libjdwp.dylib
0x00000001101f7000 	/Library/Java/JavaVirtualMachines/jdk1.8.0_20.jdk/Contents/Home/jre/lib/libnpt.dylib
0x00000001121b0000 	/Library/Java/JavaVirtualMachines/jdk1.8.0_20.jdk/Contents/Home/jre/lib/libzip.dylib
0x000000012dd8c000 	/System/Library/Frameworks/JavaVM.framework/Frameworks/JavaRuntimeSupport.framework/JavaRuntimeSupport
0x000000012dda4000 	/System/Library/Frameworks/JavaVM.framework/Versions/A/Frameworks/JavaNativeFoundation.framework/Versions/A/JavaNativeFoundation
0x000000012ddb9000 	/System/Library/Frameworks/JavaVM.framework/Versions/A/JavaVM
0x0000000008b08000 	/System/Library/Frameworks/Carbon.framework/Versions/A/Carbon
0x000000012ddc6000 	/System/Library/PrivateFrameworks/JavaLaunching.framework/Versions/A/JavaLaunching
0x0000000008b08000 	/System/Library/Frameworks/Carbon.framework/Versions/A/Frameworks/CommonPanels.framework/Versions/A/CommonPanels
0x0000000008b08000 	/System/Library/Frameworks/Carbon.framework/Versions/A/Frameworks/Help.framework/Versions/A/Help
0x0000000008b08000 	/System/Library/Frameworks/Carbon.framework/Versions/A/Frameworks/ImageCapture.framework/Versions/A/ImageCapture
0x0000000008b08000 	/System/Library/Frameworks/Carbon.framework/Versions/A/Frameworks/OpenScripting.framework/Versions/A/OpenScripting
0x0000000008b08000 	/System/Library/Frameworks/Carbon.framework/Versions/A/Frameworks/Print.framework/Versions/A/Print
0x0000000008b08000 	/System/Library/Frameworks/Carbon.framework/Versions/A/Frameworks/SecurityHI.framework/Versions/A/SecurityHI
0x000000012f7b4000 	/Library/Java/JavaVirtualMachines/jdk1.8.0_20.jdk/Contents/Home/jre/lib/libdt_socket.dylib
0x0000000130222000 	/Library/Java/JavaVirtualMachines/jdk1.8.0_20.jdk/Contents/Home/jre/lib/libawt.dylib
0x00000001302d1000 	/Library/Java/JavaVirtualMachines/jdk1.8.0_20.jdk/Contents/Home/jre/lib/./libmlib_image.dylib
0x000000013039d000 	/Library/Java/JavaVirtualMachines/jdk1.8.0_20.jdk/Contents/Home/jre/lib/libawt_lwawt.dylib
0x0000000130450000 	/Library/Java/JavaVirtualMachines/jdk1.8.0_20.jdk/Contents/Home/jre/lib/./libosxapp.dylib
0x0000000008b08000 	/System/Library/Frameworks/ExceptionHandling.framework/Versions/A/ExceptionHandling
0x0000000008b08000 	/System/Library/PrivateFrameworks/CoreServicesInternal.framework/Versions/A/CoreServicesInternal
0x0000000008b08000 	/System/Library/PrivateFrameworks/CloudDocs.framework/Versions/A/CloudDocs
0x0000000008b08000 	/System/Library/PrivateFrameworks/CoreDuet.framework/Versions/A/CoreDuet
0x0000000008b08000 	/System/Library/Frameworks/CloudKit.framework/Versions/A/CloudKit
0x0000000008b08000 	/System/Library/PrivateFrameworks/ProtocolBuffer.framework/Versions/A/ProtocolBuffer
0x0000000008b08000 	/System/Library/PrivateFrameworks/CoreDuetDaemonProtocol.framework/Versions/A/CoreDuetDaemonProtocol
0x0000000008b08000 	/System/Library/PrivateFrameworks/CoreDuetDebugLogging.framework/Versions/A/CoreDuetDebugLogging
0x0000000008b08000 	/System/Library/PrivateFrameworks/MMCS.framework/Versions/A/MMCS
0x0000000008b08000 	/System/Library/Frameworks/CoreLocation.framework/Versions/A/CoreLocation
0x0000000008b08000 	/System/Library/PrivateFrameworks/ProtectedCloudStorage.framework/Versions/A/ProtectedCloudStorage
0x0000000008b08000 	/System/Library/PrivateFrameworks/GeoServices.framework/Versions/A/GeoServices
0x0000000008b08000 	/System/Library/Frameworks/CoreGraphics.framework/Versions/A/Resources/libCGCMS.A.dylib
0x0000000008b08000 	/System/Library/Frameworks/CoreGraphics.framework/Versions/A/Resources/libRIP.A.dylib
0x0000000008b08000 	/System/Library/Frameworks/CoreGraphics.framework/Versions/A/Resources/libCGXType.A.dylib
0x0000000008b08000 	/System/Library/Frameworks/OpenCL.framework/Versions/A/Libraries/libcldcpuengine.dylib
0x0000000008b08000 	/System/Library/PrivateFrameworks/DiskImages.framework/Versions/A/DiskImages
0x0000000008b08000 	/System/Library/Frameworks/DiscRecording.framework/Versions/A/DiscRecording
0x0000000008b08000 	/usr/lib/libcsfde.dylib
0x0000000008b08000 	/usr/lib/libcurl.4.dylib
0x0000000008b08000 	/System/Library/PrivateFrameworks/MediaKit.framework/Versions/A/MediaKit
0x0000000008b08000 	/usr/lib/libCoreStorage.dylib
0x0000000008b08000 	/System/Library/PrivateFrameworks/EFILogin.framework/Versions/A/EFILogin
0x0000000008b08000 	/usr/lib/libutil.dylib
0x0000000008b08000 	/System/Library/PrivateFrameworks/FindMyDevice.framework/Versions/A/FindMyDevice
0x0000000008b08000 	/System/Library/Frameworks/LDAP.framework/Versions/A/LDAP
0x0000000008b08000 	/usr/lib/libsasl2.2.dylib
0x0000000008b08000 	/System/Library/PrivateFrameworks/CoreDaemon.framework/Versions/B/CoreDaemon
0x0000000008b08000 	/usr/lib/libcrypto.0.9.8.dylib
0x0000000008b08000 	/System/Library/PrivateFrameworks/AppleSRP.framework/Versions/A/AppleSRP
0x0000000008b08000 	/System/Library/PrivateFrameworks/TrustEvaluationAgent.framework/Versions/A/TrustEvaluationAgent
0x00000001333a0000 	cl_kernels
0x00000001333a2000 	/System/Library/Frameworks/OpenCL.framework/Versions/A/Libraries/ImageFormats/unorm8_bgra.dylib
0x0000000133391000 	cl_kernels
0x0000000008b08000 	/System/Library/PrivateFrameworks/FamilyControls.framework/Versions/A/FamilyControls
0x0000000008b08000 	/System/Library/PrivateFrameworks/CommerceKit.framework/Versions/A/Frameworks/CommerceCore.framework/Versions/A/CommerceCore
0x0000000008b08000 	/System/Library/PrivateFrameworks/SystemAdministration.framework/Versions/A/SystemAdministration
0x0000000008b08000 	/System/Library/PrivateFrameworks/AppContainer.framework/Versions/A/AppContainer
0x0000000008b08000 	/System/Library/PrivateFrameworks/SecCodeWrapper.framework/Versions/A/SecCodeWrapper
0x0000000008b08000 	/System/Library/Frameworks/DirectoryService.framework/Versions/A/DirectoryService
0x0000000008b08000 	/System/Library/PrivateFrameworks/LoginUIKit.framework/Versions/A/Frameworks/LoginUICore.framework/Versions/A/LoginUICore
0x0000000008b08000 	/usr/lib/libodfde.dylib
0x0000000008b08000 	/System/Library/Frameworks/OpenGL.framework/Versions/A/Resources/GLEngine.bundle/GLEngine
0x0000000008b08000 	/System/Library/Frameworks/OpenGL.framework/Versions/A/Libraries/libGLProgrammability.dylib
0x00000001347ab000 	/System/Library/Extensions/AppleIntelHD5000GraphicsGLDriver.bundle/Contents/MacOS/AppleIntelHD5000GraphicsGLDriver
0x0000000008b08000 	/System/Library/PrivateFrameworks/IOAccelerator.framework/Versions/A/IOAccelerator
0x0000000008b08000 	/System/Library/PrivateFrameworks/GPUSupport.framework/Versions/A/Libraries/libGPUSupportMercury.dylib
0x0000000008b08000 	/System/Library/Frameworks/OpenGL.framework/Versions/A/Resources/GLRendererFloat.bundle/GLRendererFloat
0x0000000135805000 	/Library/Java/JavaVirtualMachines/jdk1.8.0_20.jdk/Contents/Home/jre/lib/libfontmanager.dylib
0x000000013586b000 	/Library/Java/JavaVirtualMachines/jdk1.8.0_20.jdk/Contents/Home/jre/lib/libosxui.dylib
0x000000013946e000 	/Library/Java/JavaVirtualMachines/jdk1.8.0_20.jdk/Contents/Home/jre/lib/libnio.dylib
0x000000013947e000 	/Library/Java/JavaVirtualMachines/jdk1.8.0_20.jdk/Contents/Home/jre/lib/./libnet.dylib

VM Arguments:
jvm_args: -agentlib:jdwp=transport=dt_socket,address=127.0.0.1:53519,suspend=y,server=n -Dfile.encoding=UTF-8 
java_command: com.rambilight.Runner
java_class_path (initial): /Library/Java/JavaVirtualMachines/jdk1.8.0_20.jdk/Contents/Home/lib/ant-javafx.jar:/Library/Java/JavaVirtualMachines/jdk1.8.0_20.jdk/Contents/Home/lib/dt.jar:/Library/Java/JavaVirtualMachines/jdk1.8.0_20.jdk/Contents/Home/lib/javafx-mx.jar:/Library/Java/JavaVirtualMachines/jdk1.8.0_20.jdk/Contents/Home/lib/jconsole.jar:/Library/Java/JavaVirtualMachines/jdk1.8.0_20.jdk/Contents/Home/lib/sa-jdi.jar:/Library/Java/JavaVirtualMachines/jdk1.8.0_20.jdk/Contents/Home/lib/tools.jar:/Library/Java/JavaVirtualMachines/jdk1.8.0_20.jdk/Contents/Home/jre/lib/charsets.jar:/Library/Java/JavaVirtualMachines/jdk1.8.0_20.jdk/Contents/Home/jre/lib/deploy.jar:/Library/Java/JavaVirtualMachines/jdk1.8.0_20.jdk/Contents/Home/jre/lib/javaws.jar:/Library/Java/JavaVirtualMachines/jdk1.8.0_20.jdk/Contents/Home/jre/lib/jce.jar:/Library/Java/JavaVirtualMachines/jdk1.8.0_20.jdk/Contents/Home/jre/lib/jfr.jar:/Library/Java/JavaVirtualMachines/jdk1.8.0_20.jdk/Contents/Home/jre/lib/jfxswt.jar:/Library/Java/JavaVirtualMachines/jdk1.8.0_20.jdk/Contents/Home/jre/lib/jsse.jar:/Library/Java/JavaVirtualMachines/jdk1.8.0_20.jdk/Contents/Home/jre/lib/management-agent.jar:/Library/Java/JavaVirtualMachines/jdk1.8.0_20.jdk/Contents/Home/jre/lib/plugin.jar:/Library/Java/JavaVirtualMachines/jdk1.8.0_20.jdk/Contents/Home/jre/lib/resources.jar:/Library/Java/JavaVirtualMachines/jdk1.8.0_20.jdk/Contents/Home/jre/lib/rt.jar:/Library/Java/JavaVirtualMachines/jdk1.8.0_20.jdk/Contents/Home/jre/lib/ext/cldrdata.jar:/Library/Java/JavaVirtualMachines/jdk1.8.0_20.jdk/Contents/Home/jre/lib/ext/dnsns.jar:/Library/Java/JavaVirtualMachines/jdk1.8.0_20.jdk/Contents/Home/jre/lib/ext/jfxrt.jar:/Library/Java/JavaVirtualMachines/jdk1.8.0_20.jdk/Contents/Home/jre/lib/ext/localedata.jar:/Library/Java/JavaVirtualMachines/jdk1.8.0_20.jdk/Contents/Home/jre/lib/ext/nashorn.jar:/Library/Java/JavaVirtualMachines/jdk1.8.0_20.jdk/Contents/Home/jre/lib/ext/sunec.jar:/Library/Java/JavaVirtualMachines/jdk1.8.0_20.jdk/C
Launcher Type: SUN_STANDARD

Environment Variables:
PATH=/Users/me/bin:/usr/local/bin:/usr/bin:/bin:/usr/sbin:/sbin:~/bin:/opt/X11/bin
SHELL=/bin/bash
DISPLAY=/private/tmp/com.apple.launchd.9dVOS3m05P/org.macosforge.xquartz:0

Signal Handlers:
SIGSEGV: [libjvm.dylib+0x578fd7], sa_mask[0]=11111111011111110111111111111111, sa_flags=SA_ONSTACK|SA_RESTART|SA_SIGINFO
SIGBUS: [libjvm.dylib+0x578fd7], sa_mask[0]=11111111011111110111111111111111, sa_flags=SA_RESTART|SA_SIGINFO
SIGFPE: [libjvm.dylib+0x45ab0c], sa_mask[0]=11111111011111110111111111111111, sa_flags=SA_RESTART|SA_SIGINFO
SIGPIPE: [libjvm.dylib+0x45ab0c], sa_mask[0]=11111111011111110111111111111111, sa_flags=SA_RESTART|SA_SIGINFO
SIGXFSZ: [libjvm.dylib+0x45ab0c], sa_mask[0]=11111111011111110111111111111111, sa_flags=SA_RESTART|SA_SIGINFO
SIGILL: [libjvm.dylib+0x45ab0c], sa_mask[0]=11111111011111110111111111111111, sa_flags=SA_RESTART|SA_SIGINFO
SIGUSR1: SIG_DFL, sa_mask[0]=00000000000000000000000000000000, sa_flags=none
SIGUSR2: [libjvm.dylib+0x45a62a], sa_mask[0]=00100000000000000000000000000000, sa_flags=SA_RESTART|SA_SIGINFO
SIGHUP: [libjvm.dylib+0x458bfd], sa_mask[0]=11111111011111110111111111111111, sa_flags=SA_RESTART|SA_SIGINFO
SIGINT: [libjvm.dylib+0x458bfd], sa_mask[0]=11111111011111110111111111111111, sa_flags=SA_RESTART|SA_SIGINFO
SIGTERM: [libjvm.dylib+0x458bfd], sa_mask[0]=11111111011111110111111111111111, sa_flags=SA_RESTART|SA_SIGINFO
SIGQUIT: [libjvm.dylib+0x458bfd], sa_mask[0]=11111111011111110111111111111111, sa_flags=SA_RESTART|SA_SIGINFO


---------------  S Y S T E M  ---------------

OS:Bsduname:Darwin 14.5.0 Darwin Kernel Version 14.5.0: Wed Jul 29 02:26:53 PDT 2015; root:xnu-2782.40.9~1/RELEASE_X86_64 x86_64
rlimit: STACK 8192k, CORE 0k, NPROC 709, NOFILE 10240, AS infinity
load average:2.30 2.48 2.40

CPU:total 8 (4 cores per cpu, 2 threads per core) family 6 model 70 stepping 1, cmov, cx8, fxsr, mmx, sse, sse2, sse3, ssse3, sse4.1, sse4.2, popcnt, avx, avx2, aes, clmul, erms, lzcnt, ht, tsc, tscinvbit, bmi1, bmi2

Memory: 4k page, physical 16777216k(3364848k free)

/proc/meminfo:


vm_info: Java HotSpot(TM) 64-Bit Server VM (25.20-b23) for bsd-amd64 JRE (1.8.0_20-b26), built on Jul 30 2014 13:37:47 by "java_re" with gcc 4.2.1 (Based on Apple Inc. build 5658) (LLVM build 2336.9.00)

time: Sun Sep 27 15:19:49 2015
elapsed time: 658 seconds (0d 0h 10m 58s)

